2023-06-10 18:02:25 ... Bot has been reconnected to DESKTOP-FMK4SJ0
2023-06-10 18:02:29 ... Connected to Tebbetts Server
2023-06-10 18:02:29 ... Connected to Nerd City
2023-06-10 18:02:31 ... Crossword_Bot is ready!
2023-06-10 18:03:52 ... Bot has been reconnected to DESKTOP-FMK4SJ0
2023-06-10 18:03:54 ... Connected to Tebbetts Server
2023-06-10 18:03:54 ... Connected to Nerd City
2023-06-10 18:03:55 ... Crossword_Bot is ready!
2023-06-10 18:03:56 ... Got latest mini scores from NYT
2023-06-12 21:27:52 ... Bot has been reconnected to DESKTOP-FMK4SJ0
2023-06-12 21:27:57 ... Connected to Tebbetts Server
2023-06-12 21:27:57 ... Connected to Nerd City
2023-06-12 21:27:58 ... Crossword_Bot is ready!
2023-06-12 21:27:59 ... Got latest mini scores from NYT
2023-06-12 21:28:06 ... Nerd City user svendiamond requested boxoffice leaderboard for today.
2023-06-12 21:28:59 ... Got latest mini scores from NYT
2023-06-12 21:29:59 ... Got latest mini scores from NYT
2023-06-12 21:31:00 ... Got latest mini scores from NYT
2023-06-12 21:31:59 ... Got latest mini scores from NYT
2023-06-12 21:32:59 ... Got latest mini scores from NYT
2023-06-12 21:34:03 ... Bot has been reconnected to DESKTOP-FMK4SJ0
2023-06-12 21:34:05 ... Connected to Tebbetts Server
2023-06-12 21:34:05 ... Connected to Nerd City
2023-06-12 21:34:06 ... Crossword_Bot is ready!
2023-06-12 21:34:08 ... Got latest mini scores from NYT
2023-06-12 21:34:16 ... Nerd City user svendiamond requested boxoffice leaderboard for today.
2023-06-12 21:35:11 ... Got latest mini scores from NYT
2023-06-12 21:35:48 ... Bot has been reconnected to DESKTOP-FMK4SJ0
2023-06-12 21:35:50 ... Connected to Tebbetts Server
2023-06-12 21:35:50 ... Connected to Nerd City
2023-06-12 21:35:51 ... Crossword_Bot is ready!
2023-06-12 21:35:52 ... Got latest mini scores from NYT
2023-06-12 21:35:56 ... Nerd City user svendiamond requested boxoffice leaderboard for today.
2023-06-12 21:36:52 ... Got latest mini scores from NYT
2023-06-12 21:37:52 ... Got latest mini scores from NYT
2023-06-12 21:38:53 ... Got latest mini scores from NYT
2023-06-12 21:39:52 ... Got latest mini scores from NYT
2023-06-12 21:40:52 ... Got latest mini scores from NYT
2023-06-12 21:47:43 ... Got latest mini scores from NYT
2023-06-12 21:47:48 ... Bot has been disconnected from DESKTOP-FMK4SJ0
2023-06-12 21:47:49 ... Got latest mini scores from NYT
2023-06-12 21:48:03 ... Bot has been reconnected to DESKTOP-FMK4SJ0
2023-06-12 21:48:05 ... Connected to Tebbetts Server
2023-06-12 21:48:05 ... Connected to Nerd City
2023-06-12 21:48:08 ... Crossword_Bot is ready!
2023-06-12 21:48:11 ... Got latest mini scores from NYT
2023-06-12 21:48:56 ... Nerd City user svendiamond requested wordle leaderboard for today.
2023-06-12 21:49:09 ... Got latest mini scores from NYT
2023-06-12 21:50:05 ... Bot has been reconnected to DESKTOP-FMK4SJ0
2023-06-12 21:50:07 ... Connected to Tebbetts Server
2023-06-12 21:50:07 ... Connected to Nerd City
2023-06-12 21:50:08 ... Crossword_Bot is ready!
2023-06-12 21:50:09 ... Got latest mini scores from NYT
2023-06-12 21:51:09 ... Got latest mini scores from NYT
2023-06-12 21:51:54 ... Nerd City user svendiamond requested wordle leaderboard for today.
2023-06-12 21:52:09 ... Got latest mini scores from NYT
2023-06-12 21:53:45 ... Bot has been reconnected to DESKTOP-FMK4SJ0
2023-06-12 21:53:47 ... Connected to Tebbetts Server
2023-06-12 21:53:47 ... Connected to Nerd City
2023-06-12 21:53:48 ... Crossword_Bot is ready!
2023-06-12 21:53:49 ... Got latest mini scores from NYT
2023-06-12 21:53:53 ... Nerd City user svendiamond requested wordle leaderboard for today.
2023-06-12 21:54:52 ... Got latest mini scores from NYT
2023-06-12 21:55:20 ... Bot has been reconnected to DESKTOP-FMK4SJ0
2023-06-12 21:55:23 ... Connected to Tebbetts Server
2023-06-12 21:55:23 ... Connected to Nerd City
2023-06-12 21:55:23 ... Crossword_Bot is ready!
2023-06-12 21:55:28 ... Got latest mini scores from NYT
2023-06-12 21:55:32 ... Nerd City user svendiamond requested wordle leaderboard for today.
2023-06-12 21:56:25 ... Got latest mini scores from NYT
2023-06-12 21:57:27 ... Got latest mini scores from NYT
2023-06-12 21:58:25 ... Got latest mini scores from NYT
2023-06-12 21:59:25 ... Got latest mini scores from NYT
2023-06-12 22:00:24 ... Got latest mini scores from NYT
2023-06-12 22:00:29 ... Time to post final!
2023-06-12 22:00:34 ... Posting Final Mini Leaderboard for Tebbetts Server
2023-06-12 22:00:51 ... Time to post final!
2023-06-12 22:00:56 ... Posting Final Mini Leaderboard for Tebbetts Server
2023-06-12 22:01:13 ... Bot has been disconnected from DESKTOP-FMK4SJ0
2023-06-12 22:01:24 ... Got latest mini scores from NYT
2023-06-12 22:02:24 ... Got latest mini scores from NYT
2023-06-12 22:03:24 ... Got latest mini scores from NYT
2023-06-12 22:04:24 ... Got latest mini scores from NYT
2023-06-12 22:05:24 ... Got latest mini scores from NYT
2023-06-12 22:06:25 ... Got latest mini scores from NYT
2023-06-12 22:06:46 ... Got latest mini scores from NYT
2023-06-12 22:07:25 ... Got latest mini scores from NYT
2023-06-12 22:08:25 ... Got latest mini scores from NYT
2023-06-12 22:09:25 ... Got latest mini scores from NYT
2023-06-12 22:10:25 ... Got latest mini scores from NYT
2023-06-12 22:11:25 ... Got latest mini scores from NYT
2023-06-12 22:12:25 ... Got latest mini scores from NYT
2023-06-12 22:13:25 ... Got latest mini scores from NYT
2023-06-12 22:14:25 ... Got latest mini scores from NYT
2023-06-12 22:14:39 ... Bot has been disconnected from DESKTOP-FMK4SJ0
2023-06-12 22:15:25 ... Got latest mini scores from NYT
2023-06-12 22:16:25 ... Got latest mini scores from NYT
2023-06-12 22:17:26 ... Got latest mini scores from NYT
2023-06-12 22:18:25 ... Got latest mini scores from NYT
2023-06-12 22:19:27 ... Got latest mini scores from NYT
2023-06-12 22:20:30 ... Got latest mini scores from NYT
2023-06-12 22:21:26 ... Got latest mini scores from NYT
2023-06-12 22:22:25 ... Got latest mini scores from NYT
2023-06-12 22:23:26 ... Got latest mini scores from NYT
2023-06-12 22:24:25 ... Got latest mini scores from NYT
2023-06-12 22:25:25 ... Got latest mini scores from NYT
2023-06-12 22:26:27 ... Got latest mini scores from NYT
2023-06-12 22:27:25 ... Got latest mini scores from NYT
2023-06-12 22:28:25 ... Got latest mini scores from NYT
2023-06-12 22:29:28 ... Got latest mini scores from NYT
2023-06-12 22:30:25 ... Got latest mini scores from NYT
2023-06-12 22:31:25 ... Got latest mini scores from NYT
2023-06-12 22:32:32 ... Got latest mini scores from NYT
2023-06-12 22:33:25 ... Got latest mini scores from NYT
2023-06-12 22:34:27 ... Got latest mini scores from NYT
2023-06-12 22:35:28 ... Got latest mini scores from NYT
2023-06-12 22:36:25 ... Got latest mini scores from NYT
2023-06-12 22:37:25 ... Got latest mini scores from NYT
2023-06-12 22:38:28 ... Got latest mini scores from NYT
2023-06-12 22:39:25 ... Got latest mini scores from NYT
2023-06-12 22:40:15 ... Bot has been disconnected from DESKTOP-FMK4SJ0
2023-06-12 22:40:25 ... Got latest mini scores from NYT
2023-06-12 22:41:33 ... Got latest mini scores from NYT
2023-06-12 22:42:26 ... Got latest mini scores from NYT
2023-06-12 22:43:25 ... Got latest mini scores from NYT
2023-06-12 22:44:26 ... Got latest mini scores from NYT
2023-06-12 22:45:26 ... Got latest mini scores from NYT
2023-06-12 22:46:25 ... Got latest mini scores from NYT
2023-06-12 22:47:25 ... Got latest mini scores from NYT
2023-06-12 22:48:25 ... Got latest mini scores from NYT
2023-06-12 22:49:28 ... Got latest mini scores from NYT
2023-06-12 22:50:25 ... Got latest mini scores from NYT
2023-06-12 22:51:25 ... Got latest mini scores from NYT
2023-06-12 22:52:25 ... Got latest mini scores from NYT
2023-06-12 22:53:25 ... Got latest mini scores from NYT
2023-06-12 22:54:25 ... Got latest mini scores from NYT
2023-06-13 17:46:50 ... Bot has been reconnected to DESKTOP-FMK4SJ0
2023-06-13 17:46:55 ... Connected to Tebbetts Server
2023-06-13 17:46:55 ... Connected to Nerd City
2023-06-13 17:46:56 ... Crossword_Bot is ready!
2023-06-13 17:46:58 ... Got latest mini scores from NYT
2023-06-13 17:47:03 ... Nerd City user svendiamond requested worldle leaderboard for today.
2023-06-13 17:47:21 ... Nerd City user svendiamond requested mini leaderboard for today.
2023-06-13 17:47:23 ... Got latest mini scores from NYT
2023-06-13 17:47:41 ... Tebbetts Server user svendiamond requested winners leaderboard for today.
2023-06-13 17:48:01 ... Got latest mini scores from NYT
2023-06-13 17:48:57 ... Got latest mini scores from NYT
2023-06-13 17:49:58 ... Got latest mini scores from NYT
2023-06-13 17:50:58 ... Got latest mini scores from NYT
2023-06-13 17:51:58 ... Got latest mini scores from NYT
2023-06-13 17:52:13 ... croasus posted a score for Wordle
2023-06-13 17:52:58 ... Got latest mini scores from NYT
2023-06-13 17:53:58 ... Got latest mini scores from NYT
2023-06-13 17:54:58 ... Got latest mini scores from NYT
2023-06-13 17:55:58 ... Got latest mini scores from NYT
2023-06-13 17:56:59 ... Bot has been reconnected to DESKTOP-FMK4SJ0
2023-06-13 17:57:01 ... Connected to Tebbetts Server
2023-06-13 17:57:01 ... Connected to Nerd City
2023-06-13 17:57:02 ... Crossword_Bot is ready!
2023-06-13 17:57:04 ... Got latest mini scores from NYT
2023-06-13 17:57:09 ... Nerd City user svendiamond requested wordle leaderboard for today.
2023-06-13 17:58:04 ... Got latest mini scores from NYT
2023-06-13 17:59:04 ... Got latest mini scores from NYT
2023-06-13 18:00:03 ... Got latest mini scores from NYT
2023-06-13 18:01:04 ... Got latest mini scores from NYT
2023-06-13 18:02:04 ... Got latest mini scores from NYT
2023-06-13 18:03:03 ... Got latest mini scores from NYT
2023-06-13 18:04:04 ... Got latest mini scores from NYT
2023-06-13 18:04:41 ... croasus posted a score for #Worldle
2023-06-13 18:16:44 ... Got latest mini scores from NYT
2023-06-13 18:16:49 ... Bot has been disconnected from DESKTOP-FMK4SJ0
2023-06-13 18:16:51 ... Got latest mini scores from NYT
2023-06-13 18:16:57 ... Got latest mini scores from NYT
2023-06-13 18:17:04 ... Got latest mini scores from NYT
2023-06-13 18:17:10 ... Got latest mini scores from NYT
2023-06-13 18:17:17 ... Got latest mini scores from NYT
2023-06-13 18:17:23 ... Got latest mini scores from NYT
2023-06-13 18:17:29 ... Got latest mini scores from NYT
2023-06-13 18:17:35 ... Got latest mini scores from NYT
2023-06-13 18:17:41 ... Got latest mini scores from NYT
2023-06-13 18:17:46 ... Bot has been disconnected from DESKTOP-FMK4SJ0
2023-06-13 18:17:48 ... Got latest mini scores from NYT
2023-06-13 18:17:55 ... Got latest mini scores from NYT
2023-06-13 18:18:02 ... Got latest mini scores from NYT
2023-06-13 18:18:10 ... Got latest mini scores from NYT
2023-06-13 18:18:20 ... Bot has been reconnected to DESKTOP-FMK4SJ0
2023-06-13 18:18:22 ... Connected to Tebbetts Server
2023-06-13 18:18:22 ... Connected to Nerd City
2023-06-13 18:18:24 ... Crossword_Bot is ready!
2023-06-13 18:19:03 ... Got latest mini scores from NYT
2023-06-13 18:20:04 ... Got latest mini scores from NYT
2023-06-13 18:21:04 ... Got latest mini scores from NYT
2023-06-13 18:22:04 ... Got latest mini scores from NYT
2023-06-13 18:23:04 ... Got latest mini scores from NYT
2023-06-13 18:23:40 ... svendiamond posted a score for boxofficega.me
2023-06-13 18:24:04 ... Got latest mini scores from NYT
2023-06-13 18:25:03 ... Got latest mini scores from NYT
2023-06-13 18:26:03 ... Got latest mini scores from NYT
2023-06-13 18:26:27 ... croasus posted a score for boxofficega.me
2023-06-13 18:26:42 ... croasus posted a score for #travle
2023-06-13 18:27:03 ... Got latest mini scores from NYT
2023-06-13 18:28:03 ... Got latest mini scores from NYT
2023-06-13 18:29:03 ... Got latest mini scores from NYT
2023-06-13 18:30:03 ... Got latest mini scores from NYT
2023-06-13 18:31:03 ... Got latest mini scores from NYT
2023-06-13 18:32:03 ... Got latest mini scores from NYT
2023-06-13 18:33:03 ... Got latest mini scores from NYT
2023-06-13 18:34:03 ... Got latest mini scores from NYT
2023-06-13 18:35:03 ... Got latest mini scores from NYT
2023-06-13 18:36:03 ... Got latest mini scores from NYT
2023-06-13 18:37:03 ... Got latest mini scores from NYT
2023-06-13 18:38:03 ... Got latest mini scores from NYT
2023-06-13 18:39:03 ... Got latest mini scores from NYT
2023-06-13 18:40:03 ... Got latest mini scores from NYT
2023-06-13 18:40:52 ... Bot has been disconnected from DESKTOP-FMK4SJ0
2023-06-13 18:41:03 ... Got latest mini scores from NYT
2023-06-13 18:42:03 ... Got latest mini scores from NYT
2023-06-13 18:43:03 ... Got latest mini scores from NYT
2023-06-13 18:44:03 ... Got latest mini scores from NYT
2023-06-13 18:45:03 ... Got latest mini scores from NYT
2023-06-13 18:46:03 ... Got latest mini scores from NYT
2023-06-13 18:47:03 ... Got latest mini scores from NYT
2023-06-13 18:48:03 ... Got latest mini scores from NYT
2023-06-13 18:49:03 ... Got latest mini scores from NYT
2023-06-13 18:50:03 ... Got latest mini scores from NYT
2023-06-13 18:51:03 ... Got latest mini scores from NYT
2023-06-13 18:52:03 ... Got latest mini scores from NYT
2023-06-13 18:53:03 ... Got latest mini scores from NYT
2023-06-13 18:54:03 ... Got latest mini scores from NYT
2023-06-13 18:55:03 ... Got latest mini scores from NYT
2023-06-13 18:56:03 ... Got latest mini scores from NYT
2023-06-13 18:57:03 ... Got latest mini scores from NYT
2023-06-13 18:58:03 ... Got latest mini scores from NYT
2023-06-13 18:59:03 ... Got latest mini scores from NYT
2023-06-13 19:00:33 ... Got latest mini scores from NYT
2023-06-13 19:00:38 ... Bot has been disconnected from DESKTOP-FMK4SJ0
2023-06-13 19:00:56 ... Bot has been reconnected to DESKTOP-FMK4SJ0
2023-06-13 19:01:00 ... Connected to Tebbetts Server
2023-06-13 19:01:00 ... Connected to Nerd City
2023-06-13 19:01:02 ... Crossword_Bot is ready!
2023-06-13 19:01:03 ... Got latest mini scores from NYT
2023-06-13 19:01:14 ... Nerd City user svendiamond requested wordle leaderboard for today.
2023-06-13 19:01:40 ... Nerd City user svendiamond requested mini leaderboard for this month.
2023-06-13 19:01:41 ... Got latest mini scores from NYT
2023-06-13 19:02:04 ... Got latest mini scores from NYT
2023-06-14 07:12:59 ... Bot has been reconnected to DESKTOP-FMK4SJ0
2023-06-14 07:13:03 ... Connected to Tebbetts Server
2023-06-14 07:13:03 ... Connected to Nerd City
2023-06-14 07:13:05 ... Crossword_Bot is ready!
2023-06-14 07:13:06 ... Got latest mini scores from NYT
2023-06-14 07:14:07 ... Got latest mini scores from NYT
2023-06-14 07:14:31 ... svendiamond posted a score for Connections
2023-06-14 07:15:07 ... Got latest mini scores from NYT
2023-06-14 07:16:07 ... Got latest mini scores from NYT
2023-06-14 07:17:06 ... Got latest mini scores from NYT
2023-06-14 07:18:08 ... Bot has been reconnected to DESKTOP-FMK4SJ0
2023-06-14 07:18:10 ... Connected to Tebbetts Server
2023-06-14 07:18:10 ... Connected to Nerd City
2023-06-14 07:18:11 ... Crossword_Bot is ready!
2023-06-14 07:18:12 ... Got latest mini scores from NYT
2023-06-14 07:18:17 ... svendiamond posted a score for Connections
2023-06-14 07:19:13 ... Got latest mini scores from NYT
2023-06-14 07:19:31 ... sat1056 posted a score for Factle.app
2023-06-14 07:20:13 ... Got latest mini scores from NYT
2023-06-14 07:21:13 ... Got latest mini scores from NYT
2023-06-14 07:22:13 ... Got latest mini scores from NYT
2023-06-14 07:22:51 ... Bot has been reconnected to DESKTOP-FMK4SJ0
2023-06-14 07:22:53 ... Connected to Tebbetts Server
2023-06-14 07:22:53 ... Connected to Nerd City
2023-06-14 07:22:55 ... Crossword_Bot is ready!
2023-06-14 07:22:56 ... Got latest mini scores from NYT
2023-06-14 07:23:06 ... svendiamond posted a score for Connections
