2023-07-03 09:30:01 ... GAMES_TRACKER_BOT has been disconnected from DESKTOP-FMK4SJ0
2023-07-03 09:30:52 ... GAMES_TRACKER_BOT has been connected to DESKTOP-FMK4SJ0
2023-07-03 09:30:57 ... Connected to NYT Mini Crossword Competition
2023-07-03 09:31:16 ... GAMES_TRACKER_BOT has been connected to DESKTOP-FMK4SJ0
2023-07-03 09:31:55 ... Connected to NYT Mini Crossword Competition
2023-07-03 09:31:56 ... GAMES_TRACKER_BOT has been connected to DESKTOP-FMK4SJ0
2023-07-03 09:31:56 ... Crossword_Bot_Tester is ready!
2023-07-03 11:24:16 ... GAMES_TRACKER_BOT has been connected to DESKTOP-FMK4SJ0
2023-07-03 11:24:19 ... GAMES_TRACKER_BOT: connected to DESKTOP-FMK4SJ0 at 2023-07-03 11:24:19
2023-07-03 11:24:19 ... Crossword_Bot_Tester is ready!
2023-07-03 11:39:53 ... GAMES_TRACKER_BOT has been connected to DESKTOP-FMK4SJ0
2023-07-03 11:39:56 ... GAMES_TRACKER_BOT: connected to DESKTOP-FMK4SJ0 at 2023-07-03 11:39:56
2023-07-03 11:39:56 ... Crossword_Bot_Tester is ready!
2023-07-03 11:42:09 ... GAMES_TRACKER_BOT has been connected to DESKTOP-FMK4SJ0
2023-07-03 11:49:30 ... GAMES_TRACKER_BOT has been connected to DESKTOP-FMK4SJ0
2023-07-03 11:59:32 ... GAMES_TRACKER_BOT has been connected to DESKTOP-FMK4SJ0
2023-07-03 12:17:46 ... GAMES_TRACKER_BOT has been connected to DESKTOP-FMK4SJ0
2023-07-03 12:21:33 ... GAMES_TRACKER_BOT has been connected to DESKTOP-FMK4SJ0
2023-07-03 12:25:10 ... GAMES_TRACKER_BOT has been connected to DESKTOP-FMK4SJ0
2023-07-03 12:27:28 ... GAMES_TRACKER_BOT has been connected to DESKTOP-FMK4SJ0
2023-07-03 12:28:39 ... GAMES_TRACKER_BOT has been connected to DESKTOP-FMK4SJ0
2023-07-03 12:31:34 ... GAMES_TRACKER_BOT has been connected to DESKTOP-FMK4SJ0
2023-07-03 12:32:36 ... GAMES_TRACKER_BOT has been connected to DESKTOP-FMK4SJ0
2023-07-03 12:34:20 ... GAMES_TRACKER_BOT has been connected to DESKTOP-FMK4SJ0
2023-07-03 12:37:14 ... GAMES_TRACKER_BOT has been connected to DESKTOP-FMK4SJ0
2023-07-03 12:40:31 ... GAMES_TRACKER_BOT has been connected to DESKTOP-FMK4SJ0
2023-07-03 12:41:40 ... GAMES_TRACKER_BOT has been connected to DESKTOP-FMK4SJ0
2023-07-03 12:42:53 ... GAMES_TRACKER_BOT has been connected to DESKTOP-FMK4SJ0
2023-07-03 12:45:08 ... GAMES_TRACKER_BOT has been connected to DESKTOP-FMK4SJ0
